This file contains any messages produced by compilers while
running configure, to aid debugging if configure makes a mistake.

It was created by bullet configure 2.81, which was
generated by GNU Autoconf 2.69.  Invocation command line was

  $ ./configure 

## --------- ##
## Platform. ##
## --------- ##

hostname = tzwang-PC2
uname -m = x86_64
uname -r = 4.4.0-18362-Microsoft
uname -s = Linux
uname -v = #1049-Microsoft Thu Aug 14 12:01:00 PST 2020

/usr/bin/uname -p = unknown
/bin/uname -X     = unknown

/bin/arch              = unknown
/usr/bin/arch -k       = unknown
/usr/convex/getsysinfo = unknown
/usr/bin/hostinfo      = unknown
/bin/machine           = unknown
/usr/bin/oslevel       = unknown
/bin/universe          = unknown

PATH: /home/tzwang/.local/bin
PATH: /usr/local/sbin
PATH: /usr/local/bin
PATH: /usr/sbin
PATH: /usr/bin
PATH: /sbin
PATH: /bin
PATH: /usr/games
PATH: /usr/local/games
PATH: /mnt/c/Program Files/WindowsApps/CanonicalGroupLimited.Ubuntu18.04onWindows_1804.2020.824.0_x64__79rhkp1fndgsc
PATH: /mnt/c/Program Files (x86)/IntelSWTools/compilers_and_libraries_2020.2.254/windows/mpi/intel64/bin
PATH: /mnt/c/Program Files (x86)/Common Files/Intel/Shared Libraries/redist/intel64_win/mpirt
PATH: /mnt/c/Program Files (x86)/Common Files/Intel/Shared Libraries/redist/ia32_win/mpirt
PATH: /mnt/c/Program Files (x86)/Common Files/Intel/Shared Libraries/redist/intel64_win/compiler
PATH: /mnt/c/Program Files (x86)/Common Files/Intel/Shared Libraries/redist/ia32_win/compiler
PATH: /mnt/d/Program Files (x86)/NetSarang/Xshell 6/
PATH: /mnt/c/Program Files/NVIDIA GPU Computing Toolkit/CUDA/v8.0/bin
PATH: /mnt/c/Program Files/NVIDIA GPU Computing Toolkit/CUDA/v8.0/libnvvp
PATH: /mnt/c/Program Files/NVIDIA GPU Computing Toolkit/CUDA/v10.0/bin
PATH: /mnt/c/Program Files/NVIDIA GPU Computing Toolkit/CUDA/v10.0/libnvvp
PATH: /mnt/c/Program Files/NVIDIA GPU Computing Toolkit/CUDA/v11.0/bin
PATH: /mnt/c/Program Files/NVIDIA GPU Computing Toolkit/CUDA/v11.0/libnvvp
PATH: /mnt/c/windows/system32
PATH: /mnt/c/windows
PATH: /mnt/c/windows/System32/Wbem
PATH: /mnt/c/windows/System32/WindowsPowerShell/v1.0/
PATH: /mnt/c/windows/System32/OpenSSH/
PATH: /mnt/c/Program Files (x86)/NVIDIA Corporation/PhysX/Common
PATH: /mnt/c/Program Files/NVIDIA Corporation/NVIDIA NvDLISR
PATH: /mnt/c/Program Files/Git/cmd
PATH: /mnt/c/Program Files (x86)/IncrediBuild
PATH: /mnt/c/Program Files/Microsoft SQL Server/110/Tools/Binn/
PATH: /mnt/c/Program Files/IDM Computer Solutions/UltraCompare
PATH: /mnt/c/Users/tzwang/AppData/Local/Microsoft/WindowsApps
PATH: /mnt/c/Program Files/CMake/bin
PATH: /mnt/c/Users/tzwang/AppData/Local/UGit/app-1.10.62/resources/app/git/cmd
PATH: /mnt/c/Users/tzwang/AppData/Local/UGit/bin
PATH: /snap/bin


## ----------- ##
## Core tests. ##
## ----------- ##

configure:2055: error: cannot run /bin/bash ./config.sub

## ---------------- ##
## Cache variables. ##
## ---------------- ##

ac_cv_env_CCC_set=
ac_cv_env_CCC_value=
ac_cv_env_CC_set=
ac_cv_env_CC_value=
ac_cv_env_CFLAGS_set=
ac_cv_env_CFLAGS_value=
ac_cv_env_CPPFLAGS_set=
ac_cv_env_CPPFLAGS_value=
ac_cv_env_CPP_set=
ac_cv_env_CPP_value=
ac_cv_env_CXXFLAGS_set=
ac_cv_env_CXXFLAGS_value=
ac_cv_env_CXX_set=
ac_cv_env_CXX_value=
ac_cv_env_LDFLAGS_set=
ac_cv_env_LDFLAGS_value=
ac_cv_env_LIBS_set=
ac_cv_env_LIBS_value=
ac_cv_env_build_alias_set=
ac_cv_env_build_alias_value=
ac_cv_env_host_alias_set=
ac_cv_env_host_alias_value=
ac_cv_env_target_alias_set=
ac_cv_env_target_alias_value=

## ----------------- ##
## Output variables. ##
## ----------------- ##

ACLOCAL=''
AMDEPBACKSLASH=''
AMDEP_FALSE=''
AMDEP_TRUE=''
AMTAR=''
AM_BACKSLASH=''
AM_DEFAULT_V=''
AM_DEFAULT_VERBOSITY=''
AM_V=''
AUTOCONF=''
AUTOHEADER=''
AUTOMAKE=''
AWK=''
CC=''
CCDEPMODE=''
CFLAGS=''
CONDITIONAL_BUILD_DEMOS_FALSE=''
CONDITIONAL_BUILD_DEMOS_TRUE=''
CONDITIONAL_BUILD_MULTITHREADED_FALSE=''
CONDITIONAL_BUILD_MULTITHREADED_TRUE=''
CPP=''
CPPFLAGS=''
CXX=''
CXXDEPMODE=''
CXXFLAGS=''
CYGPATH_W=''
DEFS=''
DEPDIR=''
ECHO_C=''
ECHO_N='-n'
ECHO_T=''
EGREP=''
EXEEXT=''
GL_LIBS=''
GREP=''
INSTALL_DATA=''
INSTALL_PROGRAM=''
INSTALL_SCRIPT=''
INSTALL_STRIP_PROGRAM=''
LDFLAGS=''
LIBOBJS=''
LIBS=''
LTLIBOBJS=''
MAKEINFO=''
MKDIR_P=''
OBJEXT=''
PACKAGE=''
PACKAGE_BUGREPORT='bullet@erwincoumans.com'
PACKAGE_NAME='bullet'
PACKAGE_STRING='bullet 2.81'
PACKAGE_TARNAME='bullet'
PACKAGE_URL=''
PACKAGE_VERSION='2.81'
PATH_SEPARATOR=':'
SET_MAKE=''
SHELL='/bin/bash'
STRIP=''
VERSION=''
ac_ct_CC=''
ac_ct_CXX=''
am__EXEEXT_FALSE=''
am__EXEEXT_TRUE=''
am__fastdepCC_FALSE=''
am__fastdepCC_TRUE=''
am__fastdepCXX_FALSE=''
am__fastdepCXX_TRUE=''
am__include=''
am__isrc=''
am__leading_dot=''
am__nodep=''
am__quote=''
am__tar=''
am__untar=''
bindir='${exec_prefix}/bin'
build=''
build_alias=''
build_cpu=''
build_os=''
build_vendor=''
datadir='${datarootdir}'
datarootdir='${prefix}/share'
docdir='${datarootdir}/doc/${PACKAGE_TARNAME}'
dvidir='${docdir}'
exec_prefix='NONE'
host=''
host_alias=''
host_cpu=''
host_os=''
host_vendor=''
htmldir='${docdir}'
includedir='${prefix}/include'
infodir='${datarootdir}/info'
install_sh=''
libdir='${exec_prefix}/lib'
libexecdir='${exec_prefix}/libexec'
localedir='${datarootdir}/locale'
localstatedir='${prefix}/var'
mandir='${datarootdir}/man'
mkdir_p=''
oldincludedir='/usr/include'
opengl_LIBS=''
pdfdir='${docdir}'
prefix='NONE'
program_transform_name='s,x,x,'
psdir='${docdir}'
runstatedir='${localstatedir}/run'
sbindir='${exec_prefix}/sbin'
sharedstatedir='${prefix}/com'
sysconfdir='${prefix}/etc'
target_alias=''

## ----------- ##
## confdefs.h. ##
## ----------- ##

/* confdefs.h */
#define PACKAGE_NAME "bullet"
#define PACKAGE_TARNAME "bullet"
#define PACKAGE_VERSION "2.81"
#define PACKAGE_STRING "bullet 2.81"
#define PACKAGE_BUGREPORT "bullet@erwincoumans.com"
#define PACKAGE_URL ""

configure: exit 127
